<?xml version="1.0" encoding="UTF-8"?>
<!-- Generated by org.testng.reporters.JUnitReportReporter -->
<testsuite skipped="0" hostname="Shelly-PC" name="testSuite.AlertTests" tests="1" failures="0" timestamp="29 Jul 2018 10:17:47 GMT" time="19.369" errors="0">
  <testcase name="alert" time="19.369" classname="testSuite.AlertTests"/>
</testsuite> <!-- testSuite.AlertTests -->
