<?xml version="1.0" encoding="UTF-8"?>
<!-- Generated by org.testng.reporters.JUnitReportReporter -->
<testsuite skipped="0" hostname="Shelly-PC" name="testSuite.AlertTests" tests="1" failures="0" timestamp="07 Jul 2018 19:29:39 GMT" time="17.274" errors="0">
  <testcase name="alert" time="17.274" classname="testSuite.AlertTests"/>
</testsuite> <!-- testSuite.AlertTests -->
